mode: set
github.com/differential-games/differential-space/pkg/game/game.go:16.38,18.27 2 1
github.com/differential-games/differential-space/pkg/game/game.go:21.2,21.61 1 1
github.com/differential-games/differential-space/pkg/game/game.go:29.2,30.16 2 1
github.com/differential-games/differential-space/pkg/game/game.go:35.2,38.31 3 1
github.com/differential-games/differential-space/pkg/game/game.go:44.2,49.21 2 1
github.com/differential-games/differential-space/pkg/game/game.go:18.27,20.3 1 1
github.com/differential-games/differential-space/pkg/game/game.go:21.61,26.3 1 1
github.com/differential-games/differential-space/pkg/game/game.go:30.16,32.3 1 1
github.com/differential-games/differential-space/pkg/game/game.go:38.31,42.3 2 1
github.com/differential-games/differential-space/pkg/game/game.go:53.27,55.36 2 1
github.com/differential-games/differential-space/pkg/game/game.go:60.2,60.30 1 1
github.com/differential-games/differential-space/pkg/game/game.go:73.2,73.43 1 1
github.com/differential-games/differential-space/pkg/game/game.go:55.36,58.3 1 1
github.com/differential-games/differential-space/pkg/game/game.go:60.30,61.30 1 1
github.com/differential-games/differential-space/pkg/game/game.go:61.30,63.34 1 1
github.com/differential-games/differential-space/pkg/game/game.go:63.34,65.5 1 1
github.com/differential-games/differential-space/pkg/game/game.go:65.10,68.5 1 1
github.com/differential-games/differential-space/pkg/game/game.go:76.34,77.27 1 1
github.com/differential-games/differential-space/pkg/game/game.go:77.27,82.3 3 1
github.com/differential-games/differential-space/pkg/game/generate_planets.go:11.63,12.37 1 1
github.com/differential-games/differential-space/pkg/game/generate_planets.go:16.2,19.16 3 1
github.com/differential-games/differential-space/pkg/game/generate_planets.go:23.2,23.42 1 1
github.com/differential-games/differential-space/pkg/game/generate_planets.go:38.2,38.21 1 1
github.com/differential-games/differential-space/pkg/game/generate_planets.go:12.37,14.3 1 1
github.com/differential-games/differential-space/pkg/game/generate_planets.go:19.16,21.3 1 1
github.com/differential-games/differential-space/pkg/game/generate_planets.go:23.42,26.30 3 1
github.com/differential-games/differential-space/pkg/game/generate_planets.go:32.3,32.19 1 1
github.com/differential-games/differential-space/pkg/game/generate_planets.go:35.3,35.25 1 1
github.com/differential-games/differential-space/pkg/game/generate_planets.go:26.30,28.41 2 1
github.com/differential-games/differential-space/pkg/game/generate_planets.go:28.41,29.10 1 1
github.com/differential-games/differential-space/pkg/game/generate_planets.go:32.19,34.4 1 1
github.com/differential-games/differential-space/pkg/game/generate_planets.go:46.37,48.29 2 1
github.com/differential-games/differential-space/pkg/game/generate_planets.go:53.2,53.22 1 1
github.com/differential-games/differential-space/pkg/game/generate_planets.go:48.29,49.12 1 1
github.com/differential-games/differential-space/pkg/game/generate_planets.go:49.12,51.4 1 1
github.com/differential-games/differential-space/pkg/game/generate_planets.go:56.59,57.15 1 1
github.com/differential-games/differential-space/pkg/game/generate_planets.go:61.2,62.30 2 1
github.com/differential-games/differential-space/pkg/game/generate_planets.go:66.2,71.29 3 1
github.com/differential-games/differential-space/pkg/game/generate_planets.go:75.2,75.15 1 1
github.com/differential-games/differential-space/pkg/game/generate_planets.go:57.15,59.3 1 1
github.com/differential-games/differential-space/pkg/game/generate_planets.go:62.30,64.3 1 1
github.com/differential-games/differential-space/pkg/game/generate_planets.go:71.29,74.3 2 1
github.com/differential-games/differential-space/pkg/game/generate_planets.go:78.60,79.28 1 1
github.com/differential-games/differential-space/pkg/game/generate_planets.go:86.2,86.14 1 1
github.com/differential-games/differential-space/pkg/game/generate_planets.go:79.28,80.35 1 1
github.com/differential-games/differential-space/pkg/game/generate_planets.go:80.35,81.64 1 1
github.com/differential-games/differential-space/pkg/game/generate_planets.go:81.64,83.5 1 1
github.com/differential-games/differential-space/pkg/game/generate_planets.go:89.59,101.2 3 1
github.com/differential-games/differential-space/pkg/game/generate_players.go:7.54,11.25 2 1
github.com/differential-games/differential-space/pkg/game/generate_players.go:19.2,19.16 1 1
github.com/differential-games/differential-space/pkg/game/generate_players.go:11.25,13.13 1 1
github.com/differential-games/differential-space/pkg/game/generate_players.go:13.13,17.4 1 1
github.com/differential-games/differential-space/pkg/game/generate_players.go:27.72,35.34 4 1
github.com/differential-games/differential-space/pkg/game/generate_players.go:44.2,44.15 1 1
github.com/differential-games/differential-space/pkg/game/generate_players.go:35.34,43.3 6 1
github.com/differential-games/differential-space/pkg/game/planets.go:29.45,31.2 1 1
github.com/differential-games/differential-space/pkg/game/planets.go:33.34,35.2 1 1
github.com/differential-games/differential-space/pkg/game/planets.go:37.73,40.28 3 1
github.com/differential-games/differential-space/pkg/game/planets.go:50.2,50.16 1 1
github.com/differential-games/differential-space/pkg/game/planets.go:40.28,41.16 1 1
github.com/differential-games/differential-space/pkg/game/planets.go:44.3,45.29 2 1
github.com/differential-games/differential-space/pkg/game/planets.go:41.16,42.12 1 1
github.com/differential-games/differential-space/pkg/game/planets.go:45.29,48.4 2 1
github.com/differential-games/differential-space/pkg/game/attack.go:24.44,25.30 1 1
github.com/differential-games/differential-space/pkg/game/attack.go:29.2,30.21 2 1
github.com/differential-games/differential-space/pkg/game/attack.go:33.2,33.32 1 1
github.com/differential-games/differential-space/pkg/game/attack.go:36.2,36.24 1 1
github.com/differential-games/differential-space/pkg/game/attack.go:40.2,43.112 4 1
github.com/differential-games/differential-space/pkg/game/attack.go:49.2,50.12 2 1
github.com/differential-games/differential-space/pkg/game/attack.go:25.30,27.3 1 1
github.com/differential-games/differential-space/pkg/game/attack.go:30.21,32.3 1 1
github.com/differential-games/differential-space/pkg/game/attack.go:33.32,35.3 1 1
github.com/differential-games/differential-space/pkg/game/attack.go:36.24,38.3 1 1
github.com/differential-games/differential-space/pkg/game/attack.go:43.112,47.3 2 1
github.com/differential-games/differential-space/pkg/game/attack.go:60.71,62.2 1 1
github.com/differential-games/differential-space/pkg/game/attack.go:64.82,70.2 3 1
github.com/differential-games/differential-space/pkg/game/attack.go:72.37,74.2 1 1
github.com/differential-games/differential-space/pkg/game/attack.go:76.51,81.2 2 1
