mode: set
github.com/differential-games/differential-space/pkg/ai/ai.go:33.83,49.27 9 1
github.com/differential-games/differential-space/pkg/ai/ai.go:65.2,65.15 1 1
github.com/differential-games/differential-space/pkg/ai/ai.go:49.27,51.21 2 1
github.com/differential-games/differential-space/pkg/ai/ai.go:52.17,54.24 1 1
github.com/differential-games/differential-space/pkg/ai/ai.go:57.11,60.22 1 1
github.com/differential-games/differential-space/pkg/ai/ai.go:54.24,56.5 1 1
github.com/differential-games/differential-space/pkg/ai/ai.go:60.22,62.5 1 1
github.com/differential-games/differential-space/pkg/ai/ai.go:69.62,72.31 2 1
github.com/differential-games/differential-space/pkg/ai/ai.go:113.2,113.15 1 1
github.com/differential-games/differential-space/pkg/ai/ai.go:72.31,73.27 1 1
github.com/differential-games/differential-space/pkg/ai/ai.go:77.3,77.40 1 1
github.com/differential-games/differential-space/pkg/ai/ai.go:81.3,81.30 1 1
github.com/differential-games/differential-space/pkg/ai/ai.go:73.27,75.12 1 1
github.com/differential-games/differential-space/pkg/ai/ai.go:77.40,79.12 1 1
github.com/differential-games/differential-space/pkg/ai/ai.go:81.30,82.14 1 1
github.com/differential-games/differential-space/pkg/ai/ai.go:86.4,87.15 2 1
github.com/differential-games/differential-space/pkg/ai/ai.go:92.4,101.20 2 1
github.com/differential-games/differential-space/pkg/ai/ai.go:109.4,109.30 1 1
github.com/differential-games/differential-space/pkg/ai/ai.go:82.14,84.13 1 1
github.com/differential-games/differential-space/pkg/ai/ai.go:87.15,89.13 1 1
github.com/differential-games/differential-space/pkg/ai/ai.go:102.11,103.26 1 1
github.com/differential-games/differential-space/pkg/ai/ai.go:104.16,105.27 1 1
github.com/differential-games/differential-space/pkg/ai/ai.go:106.12,107.24 1 1
github.com/differential-games/differential-space/pkg/ai/ai.go:126.54,129.40 1 1
github.com/differential-games/differential-space/pkg/ai/ai.go:138.2,141.26 4 1
github.com/differential-games/differential-space/pkg/ai/ai.go:155.2,156.26 2 1
github.com/differential-games/differential-space/pkg/ai/ai.go:164.2,164.30 1 1
github.com/differential-games/differential-space/pkg/ai/ai.go:129.40,131.3 1 1
github.com/differential-games/differential-space/pkg/ai/ai.go:141.26,142.29 1 1
github.com/differential-games/differential-space/pkg/ai/ai.go:145.3,145.31 1 1
github.com/differential-games/differential-space/pkg/ai/ai.go:149.3,151.35 3 1
github.com/differential-games/differential-space/pkg/ai/ai.go:142.29,143.12 1 1
github.com/differential-games/differential-space/pkg/ai/ai.go:145.31,147.12 1 1
github.com/differential-games/differential-space/pkg/ai/ai.go:156.26,158.31 1 1
github.com/differential-games/differential-space/pkg/ai/ai.go:161.3,161.37 1 1
github.com/differential-games/differential-space/pkg/ai/ai.go:158.31,159.12 1 1
github.com/differential-games/differential-space/pkg/ai/ai.go:175.49,178.40 1 1
github.com/differential-games/differential-space/pkg/ai/ai.go:182.2,187.26 4 1
github.com/differential-games/differential-space/pkg/ai/ai.go:209.2,210.26 2 1
github.com/differential-games/differential-space/pkg/ai/ai.go:218.2,218.32 1 1
github.com/differential-games/differential-space/pkg/ai/ai.go:178.40,180.3 1 1
github.com/differential-games/differential-space/pkg/ai/ai.go:187.26,188.27 1 1
github.com/differential-games/differential-space/pkg/ai/ai.go:193.3,194.19 2 1
github.com/differential-games/differential-space/pkg/ai/ai.go:199.3,203.79 2 1
github.com/differential-games/differential-space/pkg/ai/ai.go:188.27,190.12 1 1
github.com/differential-games/differential-space/pkg/ai/ai.go:194.19,196.12 1 1
github.com/differential-games/differential-space/pkg/ai/ai.go:203.79,206.4 2 1
github.com/differential-games/differential-space/pkg/ai/ai.go:210.26,211.30 1 1
github.com/differential-games/differential-space/pkg/ai/ai.go:216.3,216.45 1 1
github.com/differential-games/differential-space/pkg/ai/ai.go:211.30,214.12 1 1
github.com/differential-games/differential-space/pkg/ai/ai.go:228.75,230.28 2 1
github.com/differential-games/differential-space/pkg/ai/ai.go:233.2,234.30 2 1
github.com/differential-games/differential-space/pkg/ai/ai.go:238.2,238.49 1 1
github.com/differential-games/differential-space/pkg/ai/ai.go:253.2,259.35 4 1
github.com/differential-games/differential-space/pkg/ai/ai.go:283.2,283.71 1 1
github.com/differential-games/differential-space/pkg/ai/ai.go:309.2,309.15 1 1
github.com/differential-games/differential-space/pkg/ai/ai.go:230.28,232.3 1 1
github.com/differential-games/differential-space/pkg/ai/ai.go:234.30,236.3 1 1
github.com/differential-games/differential-space/pkg/ai/ai.go:238.49,240.75 1 1
github.com/differential-games/differential-space/pkg/ai/ai.go:244.3,244.79 1 1
github.com/differential-games/differential-space/pkg/ai/ai.go:249.3,249.65 1 1
github.com/differential-games/differential-space/pkg/ai/ai.go:240.75,242.4 1 1
github.com/differential-games/differential-space/pkg/ai/ai.go:244.79,246.4 1 0
github.com/differential-games/differential-space/pkg/ai/ai.go:259.35,260.28 1 1
github.com/differential-games/differential-space/pkg/ai/ai.go:264.3,264.47 1 1
github.com/differential-games/differential-space/pkg/ai/ai.go:268.3,268.35 1 1
github.com/differential-games/differential-space/pkg/ai/ai.go:273.3,275.29 3 1
github.com/differential-games/differential-space/pkg/ai/ai.go:260.28,262.12 1 1
github.com/differential-games/differential-space/pkg/ai/ai.go:264.47,266.12 1 1
github.com/differential-games/differential-space/pkg/ai/ai.go:268.35,270.12 1 1
github.com/differential-games/differential-space/pkg/ai/ai.go:283.71,284.36 1 1
github.com/differential-games/differential-space/pkg/ai/ai.go:284.36,285.41 1 1
github.com/differential-games/differential-space/pkg/ai/ai.go:290.4,290.29 1 1
github.com/differential-games/differential-space/pkg/ai/ai.go:294.4,294.28 1 1
github.com/differential-games/differential-space/pkg/ai/ai.go:298.4,298.36 1 1
github.com/differential-games/differential-space/pkg/ai/ai.go:303.4,305.30 3 1
github.com/differential-games/differential-space/pkg/ai/ai.go:285.41,288.13 1 1
github.com/differential-games/differential-space/pkg/ai/ai.go:290.29,292.13 1 1
github.com/differential-games/differential-space/pkg/ai/ai.go:294.28,296.13 1 1
github.com/differential-games/differential-space/pkg/ai/ai.go:298.36,300.13 1 0
github.com/differential-games/differential-space/pkg/game/generate_planets.go:11.63,12.37 1 1
github.com/differential-games/differential-space/pkg/game/generate_planets.go:16.2,19.16 3 1
github.com/differential-games/differential-space/pkg/game/generate_planets.go:23.2,23.42 1 1
github.com/differential-games/differential-space/pkg/game/generate_planets.go:39.2,39.21 1 1
github.com/differential-games/differential-space/pkg/game/generate_planets.go:12.37,14.3 1 1
github.com/differential-games/differential-space/pkg/game/generate_planets.go:19.16,21.3 1 1
github.com/differential-games/differential-space/pkg/game/generate_planets.go:23.42,26.30 3 1
github.com/differential-games/differential-space/pkg/game/generate_planets.go:32.3,32.19 1 1
github.com/differential-games/differential-space/pkg/game/generate_planets.go:36.3,36.25 1 1
github.com/differential-games/differential-space/pkg/game/generate_planets.go:26.30,28.41 2 1
github.com/differential-games/differential-space/pkg/game/generate_planets.go:28.41,29.10 1 1
github.com/differential-games/differential-space/pkg/game/generate_planets.go:32.19,35.4 1 1
github.com/differential-games/differential-space/pkg/game/generate_planets.go:47.37,49.29 2 1
github.com/differential-games/differential-space/pkg/game/generate_planets.go:54.2,54.22 1 1
github.com/differential-games/differential-space/pkg/game/generate_planets.go:49.29,50.12 1 1
github.com/differential-games/differential-space/pkg/game/generate_planets.go:50.12,52.4 1 1
github.com/differential-games/differential-space/pkg/game/generate_planets.go:57.59,58.15 1 1
github.com/differential-games/differential-space/pkg/game/generate_planets.go:62.2,63.30 2 1
github.com/differential-games/differential-space/pkg/game/generate_planets.go:67.2,72.29 3 1
github.com/differential-games/differential-space/pkg/game/generate_planets.go:76.2,76.15 1 1
github.com/differential-games/differential-space/pkg/game/generate_planets.go:58.15,60.3 1 1
github.com/differential-games/differential-space/pkg/game/generate_planets.go:63.30,65.3 1 1
github.com/differential-games/differential-space/pkg/game/generate_planets.go:72.29,75.3 2 1
github.com/differential-games/differential-space/pkg/game/generate_planets.go:79.60,80.28 1 1
github.com/differential-games/differential-space/pkg/game/generate_planets.go:85.2,85.14 1 1
github.com/differential-games/differential-space/pkg/game/generate_planets.go:80.28,81.29 1 1
github.com/differential-games/differential-space/pkg/game/generate_planets.go:81.29,83.4 1 1
github.com/differential-games/differential-space/pkg/game/generate_planets.go:88.59,100.2 3 1
github.com/differential-games/differential-space/pkg/game/generate_players.go:7.54,11.25 2 1
github.com/differential-games/differential-space/pkg/game/generate_players.go:18.2,18.16 1 1
github.com/differential-games/differential-space/pkg/game/generate_players.go:11.25,13.13 1 1
github.com/differential-games/differential-space/pkg/game/generate_players.go:13.13,16.4 1 1
github.com/differential-games/differential-space/pkg/game/generate_players.go:26.72,34.34 4 1
github.com/differential-games/differential-space/pkg/game/generate_players.go:43.2,43.15 1 1
github.com/differential-games/differential-space/pkg/game/generate_players.go:34.34,42.3 6 1
github.com/differential-games/differential-space/pkg/game/move.go:24.38,26.16 2 1
github.com/differential-games/differential-space/pkg/game/move.go:31.2,32.35 2 1
github.com/differential-games/differential-space/pkg/game/move.go:40.2,42.10 2 1
github.com/differential-games/differential-space/pkg/game/move.go:55.2,55.9 1 1
github.com/differential-games/differential-space/pkg/game/move.go:75.2,75.12 1 1
github.com/differential-games/differential-space/pkg/game/move.go:26.16,28.3 1 1
github.com/differential-games/differential-space/pkg/game/move.go:32.35,35.3 2 0
github.com/differential-games/differential-space/pkg/game/move.go:35.8,35.67 1 1
github.com/differential-games/differential-space/pkg/game/move.go:35.67,37.3 1 0
github.com/differential-games/differential-space/pkg/game/move.go:42.10,43.7 1 1
github.com/differential-games/differential-space/pkg/game/move.go:43.7,44.77 1 1
github.com/differential-games/differential-space/pkg/game/move.go:48.4,49.26 2 1
github.com/differential-games/differential-space/pkg/game/move.go:44.77,46.10 2 1
github.com/differential-games/differential-space/pkg/game/move.go:49.26,51.5 1 1
github.com/differential-games/differential-space/pkg/game/move.go:55.9,61.38 3 1
github.com/differential-games/differential-space/pkg/game/move.go:64.3,66.23 2 1
github.com/differential-games/differential-space/pkg/game/move.go:61.38,63.4 1 1
github.com/differential-games/differential-space/pkg/game/move.go:66.23,69.4 2 0
github.com/differential-games/differential-space/pkg/game/move.go:69.9,72.4 2 1
github.com/differential-games/differential-space/pkg/game/move.go:78.55,80.16 2 0
github.com/differential-games/differential-space/pkg/game/move.go:84.2,84.35 1 0
github.com/differential-games/differential-space/pkg/game/move.go:88.2,88.60 1 0
github.com/differential-games/differential-space/pkg/game/move.go:91.2,91.85 1 0
github.com/differential-games/differential-space/pkg/game/move.go:80.16,82.3 1 0
github.com/differential-games/differential-space/pkg/game/move.go:84.35,86.3 1 0
github.com/differential-games/differential-space/pkg/game/move.go:88.60,90.3 1 0
github.com/differential-games/differential-space/pkg/game/move.go:94.62,95.26 1 1
github.com/differential-games/differential-space/pkg/game/move.go:99.2,100.32 2 1
github.com/differential-games/differential-space/pkg/game/move.go:103.2,103.17 1 1
github.com/differential-games/differential-space/pkg/game/move.go:106.2,106.24 1 1
github.com/differential-games/differential-space/pkg/game/move.go:110.2,112.11 3 1
github.com/differential-games/differential-space/pkg/game/move.go:115.2,115.45 1 1
github.com/differential-games/differential-space/pkg/game/move.go:119.2,119.31 1 1
github.com/differential-games/differential-space/pkg/game/move.go:95.26,97.3 1 1
github.com/differential-games/differential-space/pkg/game/move.go:100.32,102.3 1 1
github.com/differential-games/differential-space/pkg/game/move.go:103.17,105.3 1 1
github.com/differential-games/differential-space/pkg/game/move.go:106.24,108.3 1 0
github.com/differential-games/differential-space/pkg/game/move.go:112.11,114.3 1 0
github.com/differential-games/differential-space/pkg/game/move.go:115.45,117.3 1 0
github.com/differential-games/differential-space/pkg/game/move.go:129.40,132.2 1 1
github.com/differential-games/differential-space/pkg/game/planets.go:23.45,25.2 1 1
github.com/differential-games/differential-space/pkg/game/planets.go:27.34,29.2 1 1
github.com/differential-games/differential-space/pkg/game/planets.go:31.73,34.28 3 1
github.com/differential-games/differential-space/pkg/game/planets.go:44.2,44.16 1 1
github.com/differential-games/differential-space/pkg/game/planets.go:34.28,35.16 1 1
github.com/differential-games/differential-space/pkg/game/planets.go:38.3,39.29 2 1
github.com/differential-games/differential-space/pkg/game/planets.go:35.16,36.12 1 1
github.com/differential-games/differential-space/pkg/game/planets.go:39.29,42.4 2 1
github.com/differential-games/differential-space/pkg/game/attack_analysis.go:8.52,9.25 1 0
github.com/differential-games/differential-space/pkg/game/attack_analysis.go:16.2,17.65 2 0
github.com/differential-games/differential-space/pkg/game/attack_analysis.go:9.25,14.3 2 0
github.com/differential-games/differential-space/pkg/game/attack_analysis.go:20.31,22.26 2 1
github.com/differential-games/differential-space/pkg/game/attack_analysis.go:25.2,25.24 1 1
github.com/differential-games/differential-space/pkg/game/attack_analysis.go:22.26,24.3 1 1
github.com/differential-games/differential-space/pkg/game/attack_analysis.go:28.28,30.2 1 1
github.com/differential-games/differential-space/pkg/game/attack_analysis.go:32.61,34.40 2 1
github.com/differential-games/differential-space/pkg/game/attack_analysis.go:38.2,38.18 1 1
github.com/differential-games/differential-space/pkg/game/attack_analysis.go:34.40,37.3 2 1
github.com/differential-games/differential-space/pkg/game/game.go:22.42,23.73 1 1
github.com/differential-games/differential-space/pkg/game/game.go:31.2,32.16 2 1
github.com/differential-games/differential-space/pkg/game/game.go:37.2,40.31 3 1
github.com/differential-games/differential-space/pkg/game/game.go:47.2,53.21 2 1
github.com/differential-games/differential-space/pkg/game/game.go:23.73,28.3 1 1
github.com/differential-games/differential-space/pkg/game/game.go:32.16,34.3 1 1
github.com/differential-games/differential-space/pkg/game/game.go:40.31,45.3 3 1
github.com/differential-games/differential-space/pkg/game/game.go:59.39,61.36 2 1
github.com/differential-games/differential-space/pkg/game/game.go:66.2,67.30 2 1
github.com/differential-games/differential-space/pkg/game/game.go:85.2,87.33 2 1
github.com/differential-games/differential-space/pkg/game/game.go:61.36,64.3 1 1
github.com/differential-games/differential-space/pkg/game/game.go:67.30,68.30 1 1
github.com/differential-games/differential-space/pkg/game/game.go:68.30,70.26 2 1
github.com/differential-games/differential-space/pkg/game/game.go:70.26,73.34 2 1
github.com/differential-games/differential-space/pkg/game/game.go:73.34,76.6 1 0
github.com/differential-games/differential-space/pkg/game/game.go:77.10,80.5 1 1
github.com/differential-games/differential-space/pkg/game/game.go:90.34,91.27 1 1
github.com/differential-games/differential-space/pkg/game/game.go:91.27,96.3 3 1
